2025-12-30 09:58:33,744 - INFO -  Paper Trading Simulator (Capital Based: 10k/Trade)
2025-12-30 09:58:33,750 - INFO -  [Init] Breeze Skipped. Using yfinance for data.
2025-12-30 09:58:33,750 - INFO -  [Main] Startup... Monitoring Signals & Trades.
2025-12-30 09:58:33,751 - INFO - 
--- 09:58:33 ---
2025-12-30 09:58:33,751 - INFO -  [Signals] Checking for new signals...
2025-12-30 09:58:33,815 - INFO -  [Signals] No new unique signals.
2025-12-30 09:58:33,815 - INFO -  [Monitor] Checking Open Positions...
2025-12-30 09:58:34,766 - INFO -    > ADANIENT [Stg 0]: LTP 2201.5 (ROI: -0.08%) | SL 2093.04
2025-12-30 09:58:35,082 - INFO -    > AXISBANK [Stg 0]: LTP 1235.199951171875 (ROI: 0.26%) | SL 1170.4
2025-12-30 09:58:35,399 - INFO -    > BRITANNIA [Stg 0]: LTP 6020.0 (ROI: -0.36%) | SL 5739.43
2025-12-30 09:58:35,673 - INFO -    > GRASIM [Stg 0]: LTP 2852.0 (ROI: 0.34%) | SL 2700.28
2025-12-30 09:58:35,984 - INFO -    > HINDUNILVR [Stg 0]: LTP 2288.39990234375 (ROI: -0.21%) | SL 2178.64
2025-12-30 09:58:36,447 - INFO -    > NESTLEIND [Stg 0]: LTP 1280.4000244140625 (ROI: 0.03%) | SL 1216.0
2025-12-30 09:58:36,723 - INFO -    > PIIND [Stg 0]: LTP 3221.0 (ROI: -0.61%) | SL 3078.66
2025-12-30 09:58:37,158 - INFO -    > SIEMENS [Stg 0]: LTP 3029.39990234375 (ROI: -0.82%) | SL 2901.59
2025-12-30 09:58:37,431 - INFO -    > SRF [Stg 0]: LTP 3061.199951171875 (ROI: -0.48%) | SL 2922.11
2025-12-30 09:58:37,717 - INFO -    > TATASTEEL [Stg 0]: LTP 171.39999389648438 (ROI: -0.52%) | SL 163.69
2025-12-30 09:58:38,122 - INFO -    > TECHM [Stg 0]: LTP 1613.300048828125 (ROI: 0.06%) | SL 1531.78
2025-12-30 09:58:38,398 - INFO -    > UPL [Stg 0]: LTP 778.7000122070312 (ROI: 1.01%) | SL 732.4
2025-12-30 09:58:38,658 - INFO -    > ICICIPRULI [Stg 0]: LTP 653.25 (ROI: 0.31%) | SL 618.64
2025-12-30 09:58:38,927 - INFO -    > TATACONSUM [Stg 0]: LTP 1187.5 (ROI: -0.64%) | SL 1135.44
2025-12-30 09:58:39,201 - INFO -    > LTIM [Stg 0]: LTP 6054.5 (ROI: 0.35%) | SL 5731.82
2025-12-30 09:58:39,304 - INFO -    > ADANIENT [Stg 0]: LTP 2201.5 (ROI: -0.08%) | SL 2093.04
2025-12-30 09:58:39,397 - INFO -    > AXISBANK [Stg 0]: LTP 1235.199951171875 (ROI: 0.26%) | SL 1170.4
2025-12-30 09:58:39,502 - INFO -    > BRITANNIA [Stg 0]: LTP 6020.0 (ROI: -0.36%) | SL 5739.43
2025-12-30 09:58:39,596 - INFO -    > GRASIM [Stg 0]: LTP 2852.0 (ROI: 0.34%) | SL 2700.28
2025-12-30 09:58:39,706 - INFO -    > HINDUNILVR [Stg 0]: LTP 2288.39990234375 (ROI: -0.21%) | SL 2178.64
2025-12-30 09:58:39,873 - INFO -    > NESTLEIND [Stg 0]: LTP 1280.4000244140625 (ROI: 0.03%) | SL 1216.0
2025-12-30 09:58:39,973 - INFO -    > PIIND [Stg 0]: LTP 3221.0 (ROI: -0.61%) | SL 3078.66
2025-12-30 09:58:40,072 - INFO -    > SIEMENS [Stg 0]: LTP 3029.39990234375 (ROI: -0.82%) | SL 2901.59
2025-12-30 09:58:40,167 - INFO -    > SRF [Stg 0]: LTP 3061.199951171875 (ROI: -0.48%) | SL 2922.11
2025-12-30 09:58:40,258 - INFO -    > TATASTEEL [Stg 0]: LTP 171.39999389648438 (ROI: -0.52%) | SL 163.69
2025-12-30 09:58:40,359 - INFO -    > TECHM [Stg 0]: LTP 1613.300048828125 (ROI: 0.06%) | SL 1531.78
2025-12-30 09:58:40,448 - INFO -    > UPL [Stg 0]: LTP 778.7000122070312 (ROI: 1.01%) | SL 732.4
2025-12-30 09:58:40,544 - INFO -    > ICICIPRULI [Stg 0]: LTP 653.25 (ROI: 0.31%) | SL 618.64
2025-12-30 09:58:40,643 - INFO -    > TATACONSUM [Stg 0]: LTP 1187.5 (ROI: -0.64%) | SL 1135.44
2025-12-30 09:58:40,760 - INFO -    > TECHM [Stg 0]: LTP 1613.300048828125 (ROI: 0.80%) | SL 1520.47
2025-12-30 09:58:40,791 - INFO -  [Sleep] Waiting 60 seconds...
2025-12-30 09:59:40,792 - INFO - 
--- 09:59:40 ---
2025-12-30 09:59:40,793 - INFO -  [Signals] Checking for new signals...
2025-12-30 09:59:40,822 - INFO -  [Signals] No new unique signals.
2025-12-30 09:59:40,823 - INFO -  [Monitor] Checking Open Positions...
2025-12-30 09:59:41,240 - INFO -    > ADANIENT [Stg 0]: LTP 2201.300048828125 (ROI: -0.09%) | SL 2093.04
2025-12-30 09:59:41,558 - INFO -    > AXISBANK [Stg 0]: LTP 1235.0999755859375 (ROI: 0.25%) | SL 1170.4
2025-12-30 09:59:41,967 - INFO -    > BRITANNIA [Stg 0]: LTP 6016.5 (ROI: -0.41%) | SL 5739.43
2025-12-30 09:59:42,262 - INFO -    > GRASIM [Stg 0]: LTP 2852.10009765625 (ROI: 0.34%) | SL 2700.28
2025-12-30 09:59:42,646 - INFO -    > HINDUNILVR [Stg 0]: LTP 2287.39990234375 (ROI: -0.26%) | SL 2178.64
2025-12-30 09:59:42,974 - INFO -    > NESTLEIND [Stg 0]: LTP 1280.9000244140625 (ROI: 0.07%) | SL 1216.0
2025-12-30 09:59:43,243 - INFO -    > PIIND [Stg 0]: LTP 3221.199951171875 (ROI: -0.60%) | SL 3078.66
2025-12-30 09:59:43,646 - INFO -    > SIEMENS [Stg 0]: LTP 3029.5 (ROI: -0.81%) | SL 2901.59
2025-12-30 09:59:43,942 - INFO -    > SRF [Stg 0]: LTP 3061.199951171875 (ROI: -0.48%) | SL 2922.11
2025-12-30 09:59:44,227 - INFO -    > TATASTEEL [Stg 0]: LTP 171.47000122070312 (ROI: -0.48%) | SL 163.69
2025-12-30 09:59:44,527 - INFO -    > TECHM [Stg 0]: LTP 1613.300048828125 (ROI: 0.06%) | SL 1531.78
2025-12-30 09:59:44,816 - INFO -    > UPL [Stg 0]: LTP 779.25 (ROI: 1.08%) | SL 732.4
2025-12-30 09:59:45,092 - INFO -    > ICICIPRULI [Stg 0]: LTP 653.25 (ROI: 0.31%) | SL 618.64
2025-12-30 09:59:45,504 - INFO -    > TATACONSUM [Stg 0]: LTP 1187.199951171875 (ROI: -0.67%) | SL 1135.44
2025-12-30 09:59:45,767 - INFO -    > LTIM [Stg 0]: LTP 6051.0 (ROI: 0.29%) | SL 5731.82
2025-12-30 09:59:45,868 - INFO -    > ADANIENT [Stg 0]: LTP 2201.300048828125 (ROI: -0.09%) | SL 2093.04
2025-12-30 09:59:45,964 - INFO -    > AXISBANK [Stg 0]: LTP 1235.0999755859375 (ROI: 0.25%) | SL 1170.4
2025-12-30 09:59:46,061 - INFO -    > BRITANNIA [Stg 0]: LTP 6016.5 (ROI: -0.41%) | SL 5739.43
2025-12-30 09:59:46,148 - INFO -    > GRASIM [Stg 0]: LTP 2852.10009765625 (ROI: 0.34%) | SL 2700.28
2025-12-30 09:59:46,248 - INFO -    > HINDUNILVR [Stg 0]: LTP 2287.39990234375 (ROI: -0.26%) | SL 2178.64
2025-12-30 09:59:46,359 - INFO -    > NESTLEIND [Stg 0]: LTP 1280.9000244140625 (ROI: 0.07%) | SL 1216.0
2025-12-30 09:59:46,451 - INFO -    > PIIND [Stg 0]: LTP 3221.199951171875 (ROI: -0.60%) | SL 3078.66
2025-12-30 09:59:46,555 - INFO -    > SIEMENS [Stg 0]: LTP 3029.5 (ROI: -0.81%) | SL 2901.59
2025-12-30 09:59:46,648 - INFO -    > SRF [Stg 0]: LTP 3061.199951171875 (ROI: -0.48%) | SL 2922.11
2025-12-30 09:59:46,743 - INFO -    > TATASTEEL [Stg 0]: LTP 171.47000122070312 (ROI: -0.48%) | SL 163.69
2025-12-30 09:59:46,832 - INFO -    > TECHM [Stg 0]: LTP 1613.300048828125 (ROI: 0.06%) | SL 1531.78
2025-12-30 09:59:46,925 - INFO -    > UPL [Stg 0]: LTP 779.25 (ROI: 1.08%) | SL 732.4
2025-12-30 09:59:47,017 - INFO -    > ICICIPRULI [Stg 0]: LTP 653.25 (ROI: 0.31%) | SL 618.64
2025-12-30 09:59:47,108 - INFO -    > TATACONSUM [Stg 0]: LTP 1187.199951171875 (ROI: -0.67%) | SL 1135.44
2025-12-30 09:59:47,208 - INFO -    > TECHM [Stg 0]: LTP 1613.300048828125 (ROI: 0.80%) | SL 1520.47
