2026-01-12 11:46:35,105 - INFO - --> Mode: Catch-Up / Check Today (For Task Scheduler)
2026-01-12 11:46:35,105 - INFO - --- Running Daily Job for 2026-01-12 ---
2026-01-12 11:46:35,116 - INFO - Last downloaded data found for: 2026-01-09
2026-01-12 11:46:35,116 - INFO - Catching up from 2026-01-10 to 2026-01-12...
2026-01-12 11:46:35,116 - INFO - 2026-01-10 is a Weekend. Checking for data...
2026-01-12 11:46:35,116 - INFO - Attempting download for 10-01-2026...
2026-01-12 11:46:35,718 - ERROR - Error downloading 10-01-2026:  Data not found, change the trade_date...
2026-01-12 11:46:37,219 - INFO - 2026-01-11 is a Weekend. Checking for data...
2026-01-12 11:46:37,219 - INFO - Attempting download for 11-01-2026...
2026-01-12 11:46:37,814 - WARNING - Date Mismatch! Requested: 2026-01-11, Received: 2026-01-09
2026-01-12 11:46:39,314 - INFO - Attempting download for 12-01-2026...
2026-01-12 11:46:39,777 - ERROR - Error downloading 12-01-2026:  Data not found, change the trade_date...
2026-01-12 17:03:42,223 - INFO - --> Mode: Catch-Up / Check Today (For Task Scheduler)
2026-01-12 17:03:42,223 - INFO - --- Running Daily Job for 2026-01-12 ---
2026-01-12 17:03:42,234 - INFO - Last downloaded data found for: 2026-01-09
2026-01-12 17:03:42,234 - INFO - Catching up from 2026-01-10 to 2026-01-12...
2026-01-12 17:03:42,234 - INFO - 2026-01-10 is a Weekend. Checking for data...
2026-01-12 17:03:42,234 - INFO - Attempting download for 10-01-2026...
2026-01-12 17:03:43,190 - ERROR - Error downloading 10-01-2026:  Data not found, change the trade_date...
2026-01-12 17:03:44,690 - INFO - 2026-01-11 is a Weekend. Checking for data...
2026-01-12 17:03:44,690 - INFO - Attempting download for 11-01-2026...
2026-01-12 17:03:45,593 - WARNING - Date Mismatch! Requested: 2026-01-11, Received: 2026-01-09
2026-01-12 17:03:47,093 - INFO - Attempting download for 12-01-2026...
2026-01-12 17:03:47,937 - INFO - Successfully downloaded: bhavcopy_20260112.csv -> 2026/
2026-01-12 17:24:38,797 - INFO - --> Mode: Catch-Up / Check Today (For Task Scheduler)
2026-01-12 17:24:38,798 - INFO - --- Running Daily Job for 2026-01-12 ---
2026-01-12 17:24:38,808 - INFO - Last downloaded data found for: 2026-01-12
2026-01-12 17:24:38,808 - INFO - Data is already up to date.
